2025-02-16 02:05:01,251 - INFO - Found 0 executables: 0 blocked, 0 unblocked.
2025-02-16 02:05:16,661 - INFO - Found 198 executables: 19 blocked, 179 unblocked.
2025-02-16 02:29:33,661 - ERROR - Failed to load splash image: couldn't open "C:\Users\Kaan\Desktop\Mass Unblocker\splash.gif": no such file or directory
2025-02-16 02:29:37,006 - INFO - Found 0 executables: 0 blocked, 0 unblocked.
2025-02-16 02:29:59,096 - INFO - Found 0 executables: 0 blocked, 0 unblocked.
2025-02-16 02:32:10,266 - INFO - Found 0 executables: 0 blocked, 0 unblocked.
2025-02-16 02:32:52,203 - INFO - Found 0 executables: 0 blocked, 0 unblocked.
2025-02-16 02:33:47,100 - INFO - Found 0 executables: 0 blocked, 0 unblocked.
2025-02-16 02:36:51,878 - INFO - Found 0 executables: 0 blocked, 0 unblocked.
2025-02-16 02:37:06,971 - INFO - Found 0 executables: 0 blocked, 0 unblocked.
2025-02-16 02:39:59,353 - INFO - Found 198 executables: 19 blocked, 179 unblocked.
2025-02-16 02:40:48,978 - ERROR - Error scanning directory C:\Users\Kaan\AppData\Local\Apps: Traceback (most recent call last):
  File "c:\Users\Kaan\Desktop\Mass Unblocker\unblocker.py", line 621, in progress_callback
    percentage = float(msg)
                 ^^^^^^^^^^
ValueError: could not convert string to float: 'Found 0 executables: 0 blocked, 0 unblocked.'

During handling of the above exception, another exception occurred:

Traceback (most recent call last):
  File "c:\Users\Kaan\Desktop\Mass Unblocker\unblocker.py", line 199, in scan
    progress_callback(summary)
  File "c:\Users\Kaan\Desktop\Mass Unblocker\unblocker.py", line 625, in progress_callback
    self.update_status(msg)
  File "c:\Users\Kaan\Desktop\Mass Unblocker\unblocker.py", line 602, in update_status
    self.after(0, lambda: self.status_left.config(text=msg))
  File "c:\Users\Kaan\AppData\Local\Programs\Python\Python311\Lib\tkinter\__init__.py", line 872, in after
    name = self._register(callit)
           ^^^^^^^^^^^^^^^^^^^^^^
  File "c:\Users\Kaan\AppData\Local\Programs\Python\Python311\Lib\tkinter\__init__.py", line 1584, in _register
    self.tk.createcommand(name, f)
RuntimeError: main thread is not in main loop

2025-02-16 02:43:49,707 - ERROR - Failed to load splash image: couldn't open "c:\Users\Kaan\Desktop\Mass Unblocker\splashscreen.png": no such file or directory
2025-02-16 02:43:50,795 - ERROR - Error scanning directory C:\Users\Kaan\AppData\Local\Apps: Traceback (most recent call last):
  File "c:\Users\Kaan\Desktop\Mass Unblocker\unblocker.py", line 621, in progress_callback
    percentage = float(msg)
                 ^^^^^^^^^^
ValueError: could not convert string to float: 'Found 0 executables: 0 blocked, 0 unblocked.'

During handling of the above exception, another exception occurred:

Traceback (most recent call last):
  File "c:\Users\Kaan\Desktop\Mass Unblocker\unblocker.py", line 199, in scan
    progress_callback(summary)
  File "c:\Users\Kaan\Desktop\Mass Unblocker\unblocker.py", line 625, in progress_callback
    self.update_status(msg)
  File "c:\Users\Kaan\Desktop\Mass Unblocker\unblocker.py", line 602, in update_status
    self.after(0, lambda: self.status_left.config(text=msg))
  File "c:\Users\Kaan\AppData\Local\Programs\Python\Python311\Lib\tkinter\__init__.py", line 872, in after
    name = self._register(callit)
           ^^^^^^^^^^^^^^^^^^^^^^
  File "c:\Users\Kaan\AppData\Local\Programs\Python\Python311\Lib\tkinter\__init__.py", line 1584, in _register
    self.tk.createcommand(name, f)
RuntimeError: main thread is not in main loop

2025-02-16 02:44:04,413 - ERROR - Failed to load splash image: couldn't open "c:\Users\Kaan\Desktop\Mass Unblocker\splash.gif": no such file or directory
2025-02-16 02:44:07,754 - INFO - Found 0 executables: 0 blocked, 0 unblocked.
2025-02-16 02:44:48,631 - INFO - Found 0 executables: 0 blocked, 0 unblocked.
2025-02-16 02:45:16,562 - INFO - Found 0 executables: 0 blocked, 0 unblocked.
2025-02-16 02:45:37,912 - INFO - Found 0 executables: 0 blocked, 0 unblocked.
2025-02-16 02:45:43,684 - INFO - Found 0 executables: 0 blocked, 0 unblocked.
2025-02-16 02:45:51,146 - INFO - Found 198 executables: 19 blocked, 179 unblocked.
2025-02-16 02:46:27,287 - INFO - Found 6 executables: 2 blocked, 4 unblocked.
2025-02-16 02:46:38,089 - INFO - Found 198 executables: 19 blocked, 179 unblocked.
2025-02-16 02:46:45,978 - INFO - Unblocked file: C:/Users/Kaan/Desktop\desktop\Deceive.exe
2025-02-16 02:46:49,078 - INFO - Found 198 executables: 18 blocked, 180 unblocked.
2025-02-16 02:46:54,977 - INFO - Undo is not implemented for unblocking actions.
2025-02-16 13:38:10,318 - INFO - Found 0 executables: 0 blocked, 0 unblocked.
2025-02-16 13:38:33,298 - INFO - Found 0 executables: 0 blocked, 0 unblocked.
2025-02-16 21:51:01,741 - INFO - Found 0 executables: 0 blocked, 0 unblocked.
2025-02-16 21:51:09,270 - INFO - Found 0 executables: 0 blocked, 0 unblocked.
2025-02-16 22:19:43,737 - INFO - Found 0 executables: 0 blocked, 0 unblocked.
2025-02-16 22:40:13,981 - INFO - Found 0 executables: 0 blocked, 0 unblocked.
2025-02-16 23:07:35,569 - INFO - Found 0 executables: 0 blocked, 0 unblocked.
2025-02-16 23:08:19,321 - INFO - Found 0 executables: 0 blocked, 0 unblocked.
2025-02-16 23:08:26,986 - INFO - Found 0 executables: 0 blocked, 0 unblocked.
2025-02-16 23:08:34,738 - INFO - Found 0 executables: 0 blocked, 0 unblocked.
2025-02-16 23:41:19,215 - INFO - Found 0 executables: 0 blocked, 0 unblocked.
2025-02-16 23:41:40,497 - INFO - Found 0 executables: 0 blocked, 0 unblocked.
2025-02-16 23:46:30,030 - INFO - Found 0 executables: 0 blocked, 0 unblocked.
2025-02-16 23:51:53,068 - INFO - Found 0 executables: 0 blocked, 0 unblocked.
2025-02-17 00:28:44,752 - ERROR - Failed to load application icon: couldn't recognize data in image file "C:\Users\Kaan\Desktop\Mass Unblocker\app_icon.ico"
2025-02-17 00:28:48,322 - INFO - Found 0 executables: 0 blocked, 0 unblocked.
2025-02-17 00:29:37,377 - ERROR - Failed to load application icon: couldn't recognize data in image file "C:\Users\Kaan\Desktop\Mass Unblocker\app_icon.ico"
2025-02-17 00:29:40,921 - INFO - Found 0 executables: 0 blocked, 0 unblocked.
2025-02-17 00:30:18,090 - INFO - Found 0 executables: 0 blocked, 0 unblocked.
2025-02-17 00:30:19,743 - ERROR - Failed to load about window icon: couldn't recognize data in image file "C:\Users\Kaan\Desktop\Mass Unblocker\app_icon.ico"
2025-02-17 00:30:56,453 - INFO - Found 0 executables: 0 blocked, 0 unblocked.
2025-02-17 00:32:10,240 - INFO - Found 0 executables: 0 blocked, 0 unblocked.
2025-02-17 00:32:32,332 - INFO - Found 198 executables: 18 blocked, 180 unblocked.
2025-02-17 00:33:33,124 - INFO - Found 0 executables: 0 blocked, 0 unblocked.
2025-02-17 00:34:45,755 - INFO - Found 0 executables: 0 blocked, 0 unblocked.
2025-02-17 00:35:00,530 - INFO - Found 198 executables: 18 blocked, 180 unblocked.
